<?xml version="1.0" encoding="UTF-8"?>
<!-- Generated by org.testng.reporters.JUnitReportReporter -->
<testsuite skipped="0" hostname="LAPTOP-DV1LDK6K" name="com.leaftaps.ui.tests.CreateLead_Positive" tests="2" failures="0" timestamp="2022-06-10T19:13:23 AST" time="29.891" errors="0">
  <testcase name="createLead" time="13.711" classname="com.leaftaps.ui.tests.CreateLead_Positive"/>
  <system-out/>
  <testcase name="createLead" time="16.180" classname="com.leaftaps.ui.tests.CreateLead_Positive"/>
  <system-out/>
</testsuite> <!-- com.leaftaps.ui.tests.CreateLead_Positive -->
